<?xml version="1.0" encoding="UTF-8"?>
<!-- Generated by org.testng.reporters.JUnitReportReporter -->
<testsuite hostname="Bianca" failures="0" tests="2" name="com.tests.AddItemAndVerifyTest" time="13.071" errors="0" timestamp="2025-06-14T20:41:14 EDT" skipped="0">
  <testcase classname="com.tests.AddItemAndVerifyTest" name="login" time="4.589"/>
  <testcase classname="com.tests.AddItemAndVerifyTest" name="searchAndAddProductTocart" time="8.482"/>
</testsuite> <!-- com.tests.AddItemAndVerifyTest -->
