<?xml version="1.0" encoding="UTF-8"?>
<!-- Generated by org.testng.reporters.JUnitReportReporter -->
<testsuite hostname="Bianca" failures="0" tests="1" name="com.tests.LoginTest" time="9.175" errors="0" timestamp="2025-06-12T14:09:41 EDT" skipped="0">
  <testcase classname="com.tests.LoginTest" name="login" time="9.175"/>
</testsuite> <!-- com.tests.LoginTest -->
