<?xml version="1.0" encoding="UTF-8"?>
<!-- Generated by org.testng.reporters.JUnitReportReporter -->
<testsuite hostname="Bianca" failures="0" tests="1" name="com.tests.LoginTest" time="9.041" errors="0" timestamp="2025-06-13T10:14:10 EDT" skipped="0">
  <testcase classname="com.tests.LoginTest" name="login" time="9.041"/>
</testsuite> <!-- com.tests.LoginTest -->
