<?xml version="1.0" encoding="UTF-8"?>
<!-- Generated by org.testng.reporters.JUnitReportReporter -->
<testsuite hostname="Bianca" failures="0" tests="1" name="com.tests.RegisterTest" time="5.151" errors="0" timestamp="2025-06-15T11:01:28 EDT" skipped="0">
  <testcase classname="com.tests.RegisterTest" name="registerTest" time="5.151"/>
</testsuite> <!-- com.tests.RegisterTest -->
